0 info it worked if it ends with ok
1 verbose cli [ '/Users/r2fresh/nvm/v0.8.3/bin/node',
1 verbose cli   '/Users/r2fresh/nvm/v0.8.3/bin/npm',
1 verbose cli   'start' ]
2 info using npm@1.1.43
3 info using node@v0.8.3
4 verbose config file /Users/r2fresh/.npmrc
5 verbose config file /Users/r2fresh/nvm/v0.8.3/etc/npmrc
6 verbose config file /Users/r2fresh/nvm/v0.8.3/lib/node_modules/npm/npmrc
7 verbose read json /Users/r2fresh/Works/r2/dailyJS/package.json
8 warn package.json btask@0.0.1 No README.md file found!
9 verbose run-script [ 'prestart', 'start', 'poststart' ]
10 info prestart btask@0.0.1
11 info start btask@0.0.1
12 verbose unsafe-perm in lifecycle true
13 silly exec sh "-c" "node server.js"
14 silly sh,-c,node server.js,/Users/r2fresh/Works/r2/dailyJS spawning
15 info btask@0.0.1 Failed to exec start script
16 error btask@0.0.1 start: `node server.js`
16 error `sh "-c" "node server.js"` failed with 1
17 error Failed at the btask@0.0.1 start script.
17 error This is most likely a problem with the btask package,
17 error not with npm itself.
17 error Tell the author that this fails on your system:
17 error     node server.js
17 error You can get their info via:
17 error     npm owner ls btask
17 error There is likely additional logging output above.
18 error System Darwin 12.2.0
19 error command "/Users/r2fresh/nvm/v0.8.3/bin/node" "/Users/r2fresh/nvm/v0.8.3/bin/npm" "start"
20 error cwd /Users/r2fresh/Works/r2/dailyJS
21 error node -v v0.8.3
22 error npm -v 1.1.43
23 error code ELIFECYCLE
24 error stack Error: btask@0.0.1 start: `node server.js`
24 error stack `sh "-c" "node server.js"` failed with 1
24 error stack     at ChildProcess.<anonymous> (/Users/r2fresh/nvm/v0.8.3/lib/node_modules/npm/lib/utils/exec.js:56:20)
24 error stack     at ChildProcess.EventEmitter.emit (events.js:91:17)
24 error stack     at Process._handle.onexit (child_process.js:674:10)
25 verbose exit [ 1, true ]
